mode: set
ava-sesisenai/backend/internal/Config/database.go:18.15,20.15 2 0
ava-sesisenai/backend/internal/Config/database.go:20.15,22.3 1 0
ava-sesisenai/backend/internal/Config/database.go:24.2,31.36 6 0
ava-sesisenai/backend/internal/Config/database.go:31.36,33.3 1 0
ava-sesisenai/backend/internal/Config/database.go:35.2,35.61 1 0
ava-sesisenai/backend/internal/Config/database.go:35.61,37.3 1 0
ava-sesisenai/backend/internal/Container/container.go:16.33,25.2 3 0
ava-sesisenai/backend/internal/Routes/routes.go:11.54,12.42 1 0
ava-sesisenai/backend/internal/Routes/routes.go:12.42,14.3 1 0
ava-sesisenai/backend/internal/Routes/routes.go:16.2,17.2 2 0
ava-sesisenai/backend/internal/Routes/routes.go:17.2,20.3 2 0
ava-sesisenai/backend/internal/Repository/rolesRepository.go:15.54,17.2 1 0
ava-sesisenai/backend/internal/Repository/rolesRepository.go:19.77,23.2 3 0
ava-sesisenai/backend/internal/Repository/rolesRepository.go:25.89,32.16 3 0
ava-sesisenai/backend/internal/Repository/rolesRepository.go:32.16,34.3 1 0
ava-sesisenai/backend/internal/Repository/rolesRepository.go:35.2,35.18 1 0
ava-sesisenai/backend/internal/Controller/rolesController.go:17.76,19.2 1 0
ava-sesisenai/backend/internal/Controller/rolesController.go:21.50,23.16 2 0
ava-sesisenai/backend/internal/Controller/rolesController.go:23.16,26.3 2 0
ava-sesisenai/backend/internal/Controller/rolesController.go:27.2,27.21 1 0
ava-sesisenai/backend/internal/Controller/rolesController.go:27.21,30.3 2 0
ava-sesisenai/backend/internal/Controller/rolesController.go:31.2,31.30 1 0
ava-sesisenai/backend/internal/Controller/rolesController.go:34.50,37.27 3 0
ava-sesisenai/backend/internal/Controller/rolesController.go:37.27,40.3 2 0
ava-sesisenai/backend/internal/Controller/rolesController.go:42.2,43.26 2 0
ava-sesisenai/backend/internal/Controller/rolesController.go:43.26,46.3 2 0
ava-sesisenai/backend/internal/Controller/rolesController.go:47.2,47.16 1 0
ava-sesisenai/backend/internal/Controller/rolesController.go:47.16,50.3 2 0
ava-sesisenai/backend/internal/Controller/rolesController.go:52.2,52.29 1 0
